fatal: Esto es fatal
error: Esto es error
fatal: Esto es fatal
fatal: Esto es fatal
fatal: Esto es fatal
error: Esto es error
error: Error: doc is not defined {"stack":"ReferenceError: doc is not defined\n    at C:\\Users\\u553628\\Desktop\\CoderHouse Full Stack\\Backend\\50000\\DesafioLogger\\src\\controllers\\products.controller.js:23:26\n    at process.processTicksAndRejections (node:internal/process/task_queues:95:5)"}
error: Error: doc is not defined {"stack":"ReferenceError: doc is not defined\n    at C:\\Users\\u553628\\Desktop\\CoderHouse Full Stack\\Backend\\50000\\DesafioLogger\\src\\controllers\\products.controller.js:23:26\n    at process.processTicksAndRejections (node:internal/process/task_queues:95:5)"}
error: Error: doc is not defined {"stack":"ReferenceError: doc is not defined\n    at C:\\Users\\u553628\\Desktop\\CoderHouse Full Stack\\Backend\\50000\\DesafioLogger\\src\\controllers\\products.controller.js:23:26\n    at process.processTicksAndRejections (node:internal/process/task_queues:95:5)"}
fatal: Esto es fatal
error: Esto es error

error: El error es: error is not defined {"stack":"ReferenceError: error is not defined\n    at Strategy._verify (C:\\Users\\u553628\\Desktop\\CoderHouse Full Stack\\Backend\\50000\\DesafioLogger\\src\\configs\\passport.config.js:44:32)\n    at process.processTicksAndRejections (node:internal/process/task_queues:95:5)"}
error: El error es: error is not defined {"stack":"ReferenceError: error is not defined\n    at Strategy._verify (C:\\Users\\u553628\\Desktop\\CoderHouse Full Stack\\Backend\\50000\\DesafioLogger\\src\\configs\\passport.config.js:44:32)\n    at process.processTicksAndRejections (node:internal/process/task_queues:95:5)"}
fatal: Esto es fatal
error: Esto es error
error: El error es: error is not defined {"stack":"ReferenceError: error is not defined\n    at authTokenMiddleware (C:\\Users\\u553628\\Desktop\\CoderHouse Full Stack\\Backend\\50000\\PracticaIntegradora3-Pagano\\src\\utils\\jwt.util.js:11:47)\n    at Layer.handle [as handle_request] (C:\\Users\\u553628\\Desktop\\CoderHouse Full Stack\\Backend\\50000\\PracticaIntegradora3-Pagano\\node_modules\\express\\lib\\router\\layer.js:95:5)\n    at next (C:\\Users\\u553628\\Desktop\\CoderHouse Full Stack\\Backend\\50000\\PracticaIntegradora3-Pagano\\node_modules\\express\\lib\\router\\route.js:149:13)\n    at Route.dispatch (C:\\Users\\u553628\\Desktop\\CoderHouse Full Stack\\Backend\\50000\\PracticaIntegradora3-Pagano\\node_modules\\express\\lib\\router\\route.js:119:3)\n    at Layer.handle [as handle_request] (C:\\Users\\u553628\\Desktop\\CoderHouse Full Stack\\Backend\\50000\\PracticaIntegradora3-Pagano\\node_modules\\express\\lib\\router\\layer.js:95:5)\n    at C:\\Users\\u553628\\Desktop\\CoderHouse Full Stack\\Backend\\50000\\PracticaIntegradora3-Pagano\\node_modules\\express\\lib\\router\\index.js:284:15\n    at Function.process_params (C:\\Users\\u553628\\Desktop\\CoderHouse Full Stack\\Backend\\50000\\PracticaIntegradora3-Pagano\\node_modules\\express\\lib\\router\\index.js:346:12)\n    at next (C:\\Users\\u553628\\Desktop\\CoderHouse Full Stack\\Backend\\50000\\PracticaIntegradora3-Pagano\\node_modules\\express\\lib\\router\\index.js:280:10)\n    at Function.handle (C:\\Users\\u553628\\Desktop\\CoderHouse Full Stack\\Backend\\50000\\PracticaIntegradora3-Pagano\\node_modules\\express\\lib\\router\\index.js:175:3)\n    at router (C:\\Users\\u553628\\Desktop\\CoderHouse Full Stack\\Backend\\50000\\PracticaIntegradora3-Pagano\\node_modules\\express\\lib\\router\\index.js:47:12)"}
error: Error: Cannot read properties of undefined (reading 'email') {"stack":"TypeError: Cannot read properties of undefined (reading 'email')\n    at C:\\Users\\u553628\\Desktop\\CoderHouse Full Stack\\Backend\\50000\\PracticaIntegradora3-Pagano\\src\\controllers\\auth.controller.js:65:32\n    at Layer.handle [as handle_request] (C:\\Users\\u553628\\Desktop\\CoderHouse Full Stack\\Backend\\50000\\PracticaIntegradora3-Pagano\\node_modules\\express\\lib\\router\\layer.js:95:5)\n    at next (C:\\Users\\u553628\\Desktop\\CoderHouse Full Stack\\Backend\\50000\\PracticaIntegradora3-Pagano\\node_modules\\express\\lib\\router\\route.js:149:13)\n    at Route.dispatch (C:\\Users\\u553628\\Desktop\\CoderHouse Full Stack\\Backend\\50000\\PracticaIntegradora3-Pagano\\node_modules\\express\\lib\\router\\route.js:119:3)\n    at Layer.handle [as handle_request] (C:\\Users\\u553628\\Desktop\\CoderHouse Full Stack\\Backend\\50000\\PracticaIntegradora3-Pagano\\node_modules\\express\\lib\\router\\layer.js:95:5)\n    at C:\\Users\\u553628\\Desktop\\CoderHouse Full Stack\\Backend\\50000\\PracticaIntegradora3-Pagano\\node_modules\\express\\lib\\router\\index.js:284:15\n    at Function.process_params (C:\\Users\\u553628\\Desktop\\CoderHouse Full Stack\\Backend\\50000\\PracticaIntegradora3-Pagano\\node_modules\\express\\lib\\router\\index.js:346:12)\n    at next (C:\\Users\\u553628\\Desktop\\CoderHouse Full Stack\\Backend\\50000\\PracticaIntegradora3-Pagano\\node_modules\\express\\lib\\router\\index.js:280:10)\n    at Function.handle (C:\\Users\\u553628\\Desktop\\CoderHouse Full Stack\\Backend\\50000\\PracticaIntegradora3-Pagano\\node_modules\\express\\lib\\router\\index.js:175:3)\n    at router (C:\\Users\\u553628\\Desktop\\CoderHouse Full Stack\\Backend\\50000\\PracticaIntegradora3-Pagano\\node_modules\\express\\lib\\router\\index.js:47:12)"}
error: Error: Cannot read properties of undefined (reading 'email') {"stack":"TypeError: Cannot read properties of undefined (reading 'email')\n    at C:\\Users\\u553628\\Desktop\\CoderHouse Full Stack\\Backend\\50000\\PracticaIntegradora3-Pagano\\src\\controllers\\auth.controller.js:65:32\n    at Layer.handle [as handle_request] (C:\\Users\\u553628\\Desktop\\CoderHouse Full Stack\\Backend\\50000\\PracticaIntegradora3-Pagano\\node_modules\\express\\lib\\router\\layer.js:95:5)\n    at next (C:\\Users\\u553628\\Desktop\\CoderHouse Full Stack\\Backend\\50000\\PracticaIntegradora3-Pagano\\node_modules\\express\\lib\\router\\route.js:149:13)\n    at Route.dispatch (C:\\Users\\u553628\\Desktop\\CoderHouse Full Stack\\Backend\\50000\\PracticaIntegradora3-Pagano\\node_modules\\express\\lib\\router\\route.js:119:3)\n    at Layer.handle [as handle_request] (C:\\Users\\u553628\\Desktop\\CoderHouse Full Stack\\Backend\\50000\\PracticaIntegradora3-Pagano\\node_modules\\express\\lib\\router\\layer.js:95:5)\n    at C:\\Users\\u553628\\Desktop\\CoderHouse Full Stack\\Backend\\50000\\PracticaIntegradora3-Pagano\\node_modules\\express\\lib\\router\\index.js:284:15\n    at Function.process_params (C:\\Users\\u553628\\Desktop\\CoderHouse Full Stack\\Backend\\50000\\PracticaIntegradora3-Pagano\\node_modules\\express\\lib\\router\\index.js:346:12)\n    at next (C:\\Users\\u553628\\Desktop\\CoderHouse Full Stack\\Backend\\50000\\PracticaIntegradora3-Pagano\\node_modules\\express\\lib\\router\\index.js:280:10)\n    at Function.handle (C:\\Users\\u553628\\Desktop\\CoderHouse Full Stack\\Backend\\50000\\PracticaIntegradora3-Pagano\\node_modules\\express\\lib\\router\\index.js:175:3)\n    at router (C:\\Users\\u553628\\Desktop\\CoderHouse Full Stack\\Backend\\50000\\PracticaIntegradora3-Pagano\\node_modules\\express\\lib\\router\\index.js:47:12)"}
error: El error es: error is not defined {"stack":"ReferenceError: error is not defined\n    at Strategy._verify (C:\\Users\\u553628\\Desktop\\CoderHouse Full Stack\\Backend\\50000\\PracticaIntegradora3-Pagano\\src\\configs\\passport.config.js:44:32)\n    at process.processTicksAndRejections (node:internal/process/task_queues:95:5)"}
error: Error: Cannot read properties of undefined (reading 'email') {"stack":"TypeError: Cannot read properties of undefined (reading 'email')\n    at C:\\Users\\u553628\\Desktop\\CoderHouse Full Stack\\Backend\\50000\\PracticaIntegradora3-Pagano\\src\\controllers\\auth.controller.js:65:32\n    at Layer.handle [as handle_request] (C:\\Users\\u553628\\Desktop\\CoderHouse Full Stack\\Backend\\50000\\PracticaIntegradora3-Pagano\\node_modules\\express\\lib\\router\\layer.js:95:5)\n    at next (C:\\Users\\u553628\\Desktop\\CoderHouse Full Stack\\Backend\\50000\\PracticaIntegradora3-Pagano\\node_modules\\express\\lib\\router\\route.js:149:13)\n    at Route.dispatch (C:\\Users\\u553628\\Desktop\\CoderHouse Full Stack\\Backend\\50000\\PracticaIntegradora3-Pagano\\node_modules\\express\\lib\\router\\route.js:119:3)\n    at Layer.handle [as handle_request] (C:\\Users\\u553628\\Desktop\\CoderHouse Full Stack\\Backend\\50000\\PracticaIntegradora3-Pagano\\node_modules\\express\\lib\\router\\layer.js:95:5)\n    at C:\\Users\\u553628\\Desktop\\CoderHouse Full Stack\\Backend\\50000\\PracticaIntegradora3-Pagano\\node_modules\\express\\lib\\router\\index.js:284:15\n    at Function.process_params (C:\\Users\\u553628\\Desktop\\CoderHouse Full Stack\\Backend\\50000\\PracticaIntegradora3-Pagano\\node_modules\\express\\lib\\router\\index.js:346:12)\n    at next (C:\\Users\\u553628\\Desktop\\CoderHouse Full Stack\\Backend\\50000\\PracticaIntegradora3-Pagano\\node_modules\\express\\lib\\router\\index.js:280:10)\n    at Function.handle (C:\\Users\\u553628\\Desktop\\CoderHouse Full Stack\\Backend\\50000\\PracticaIntegradora3-Pagano\\node_modules\\express\\lib\\router\\index.js:175:3)\n    at router (C:\\Users\\u553628\\Desktop\\CoderHouse Full Stack\\Backend\\50000\\PracticaIntegradora3-Pagano\\node_modules\\express\\lib\\router\\index.js:47:12)"}
error: Error: Cannot read properties of undefined (reading 'email') {"stack":"TypeError: Cannot read properties of undefined (reading 'email')\n    at C:\\Users\\u553628\\Desktop\\CoderHouse Full Stack\\Backend\\50000\\PracticaIntegradora3-Pagano\\src\\controllers\\auth.controller.js:66:32\n    at Layer.handle [as handle_request] (C:\\Users\\u553628\\Desktop\\CoderHouse Full Stack\\Backend\\50000\\PracticaIntegradora3-Pagano\\node_modules\\express\\lib\\router\\layer.js:95:5)\n    at next (C:\\Users\\u553628\\Desktop\\CoderHouse Full Stack\\Backend\\50000\\PracticaIntegradora3-Pagano\\node_modules\\express\\lib\\router\\route.js:149:13)\n    at Route.dispatch (C:\\Users\\u553628\\Desktop\\CoderHouse Full Stack\\Backend\\50000\\PracticaIntegradora3-Pagano\\node_modules\\express\\lib\\router\\route.js:119:3)\n    at Layer.handle [as handle_request] (C:\\Users\\u553628\\Desktop\\CoderHouse Full Stack\\Backend\\50000\\PracticaIntegradora3-Pagano\\node_modules\\express\\lib\\router\\layer.js:95:5)\n    at C:\\Users\\u553628\\Desktop\\CoderHouse Full Stack\\Backend\\50000\\PracticaIntegradora3-Pagano\\node_modules\\express\\lib\\router\\index.js:284:15\n    at Function.process_params (C:\\Users\\u553628\\Desktop\\CoderHouse Full Stack\\Backend\\50000\\PracticaIntegradora3-Pagano\\node_modules\\express\\lib\\router\\index.js:346:12)\n    at next (C:\\Users\\u553628\\Desktop\\CoderHouse Full Stack\\Backend\\50000\\PracticaIntegradora3-Pagano\\node_modules\\express\\lib\\router\\index.js:280:10)\n    at Function.handle (C:\\Users\\u553628\\Desktop\\CoderHouse Full Stack\\Backend\\50000\\PracticaIntegradora3-Pagano\\node_modules\\express\\lib\\router\\index.js:175:3)\n    at router (C:\\Users\\u553628\\Desktop\\CoderHouse Full Stack\\Backend\\50000\\PracticaIntegradora3-Pagano\\node_modules\\express\\lib\\router\\index.js:47:12)"}
error: Error: jwt is not defined {"stack":"ReferenceError: jwt is not defined\n    at C:\\Users\\u553628\\Desktop\\CoderHouse Full Stack\\Backend\\50000\\PracticaIntegradora3-Pagano\\src\\controllers\\auth.controller.js:82:9\n    at Layer.handle [as handle_request] (C:\\Users\\u553628\\Desktop\\CoderHouse Full Stack\\Backend\\50000\\PracticaIntegradora3-Pagano\\node_modules\\express\\lib\\router\\layer.js:95:5)\n    at next (C:\\Users\\u553628\\Desktop\\CoderHouse Full Stack\\Backend\\50000\\PracticaIntegradora3-Pagano\\node_modules\\express\\lib\\router\\route.js:149:13)\n    at Route.dispatch (C:\\Users\\u553628\\Desktop\\CoderHouse Full Stack\\Backend\\50000\\PracticaIntegradora3-Pagano\\node_modules\\express\\lib\\router\\route.js:119:3)\n    at Layer.handle [as handle_request] (C:\\Users\\u553628\\Desktop\\CoderHouse Full Stack\\Backend\\50000\\PracticaIntegradora3-Pagano\\node_modules\\express\\lib\\router\\layer.js:95:5)\n    at C:\\Users\\u553628\\Desktop\\CoderHouse Full Stack\\Backend\\50000\\PracticaIntegradora3-Pagano\\node_modules\\express\\lib\\router\\index.js:284:15\n    at Function.process_params (C:\\Users\\u553628\\Desktop\\CoderHouse Full Stack\\Backend\\50000\\PracticaIntegradora3-Pagano\\node_modules\\express\\lib\\router\\index.js:346:12)\n    at next (C:\\Users\\u553628\\Desktop\\CoderHouse Full Stack\\Backend\\50000\\PracticaIntegradora3-Pagano\\node_modules\\express\\lib\\router\\index.js:280:10)\n    at Function.handle (C:\\Users\\u553628\\Desktop\\CoderHouse Full Stack\\Backend\\50000\\PracticaIntegradora3-Pagano\\node_modules\\express\\lib\\router\\index.js:175:3)\n    at router (C:\\Users\\u553628\\Desktop\\CoderHouse Full Stack\\Backend\\50000\\PracticaIntegradora3-Pagano\\node_modules\\express\\lib\\router\\index.js:47:12)"}
error: El error es: error is not defined {"stack":"ReferenceError: error is not defined\n    at Strategy._verify (C:\\Users\\u553628\\Desktop\\CoderHouse Full Stack\\Backend\\50000\\PracticaIntegradora3-Pagano\\src\\configs\\passport.config.js:44:32)\n    at process.processTicksAndRejections (node:internal/process/task_queues:95:5)"}
error: Error: username is not defined {"stack":"ReferenceError: username is not defined\n    at C:\\Users\\u553628\\Desktop\\CoderHouse Full Stack\\Backend\\50000\\PracticaIntegradora3-Pagano\\src\\controllers\\auth.controller.js:74:51\n    at Layer.handle [as handle_request] (C:\\Users\\u553628\\Desktop\\CoderHouse Full Stack\\Backend\\50000\\PracticaIntegradora3-Pagano\\node_modules\\express\\lib\\router\\layer.js:95:5)\n    at next (C:\\Users\\u553628\\Desktop\\CoderHouse Full Stack\\Backend\\50000\\PracticaIntegradora3-Pagano\\node_modules\\express\\lib\\router\\route.js:149:13)\n    at Route.dispatch (C:\\Users\\u553628\\Desktop\\CoderHouse Full Stack\\Backend\\50000\\PracticaIntegradora3-Pagano\\node_modules\\express\\lib\\router\\route.js:119:3)\n    at Layer.handle [as handle_request] (C:\\Users\\u553628\\Desktop\\CoderHouse Full Stack\\Backend\\50000\\PracticaIntegradora3-Pagano\\node_modules\\express\\lib\\router\\layer.js:95:5)\n    at C:\\Users\\u553628\\Desktop\\CoderHouse Full Stack\\Backend\\50000\\PracticaIntegradora3-Pagano\\node_modules\\express\\lib\\router\\index.js:284:15\n    at Function.process_params (C:\\Users\\u553628\\Desktop\\CoderHouse Full Stack\\Backend\\50000\\PracticaIntegradora3-Pagano\\node_modules\\express\\lib\\router\\index.js:346:12)\n    at next (C:\\Users\\u553628\\Desktop\\CoderHouse Full Stack\\Backend\\50000\\PracticaIntegradora3-Pagano\\node_modules\\express\\lib\\router\\index.js:280:10)\n    at Function.handle (C:\\Users\\u553628\\Desktop\\CoderHouse Full Stack\\Backend\\50000\\PracticaIntegradora3-Pagano\\node_modules\\express\\lib\\router\\index.js:175:3)\n    at router (C:\\Users\\u553628\\Desktop\\CoderHouse Full Stack\\Backend\\50000\\PracticaIntegradora3-Pagano\\node_modules\\express\\lib\\router\\index.js:47:12)"}
error: Error: username is not defined {"stack":"ReferenceError: username is not defined\n    at C:\\Users\\u553628\\Desktop\\CoderHouse Full Stack\\Backend\\50000\\PracticaIntegradora3-Pagano\\src\\controllers\\auth.controller.js:74:51\n    at Layer.handle [as handle_request] (C:\\Users\\u553628\\Desktop\\CoderHouse Full Stack\\Backend\\50000\\PracticaIntegradora3-Pagano\\node_modules\\express\\lib\\router\\layer.js:95:5)\n    at next (C:\\Users\\u553628\\Desktop\\CoderHouse Full Stack\\Backend\\50000\\PracticaIntegradora3-Pagano\\node_modules\\express\\lib\\router\\route.js:149:13)\n    at Route.dispatch (C:\\Users\\u553628\\Desktop\\CoderHouse Full Stack\\Backend\\50000\\PracticaIntegradora3-Pagano\\node_modules\\express\\lib\\router\\route.js:119:3)\n    at Layer.handle [as handle_request] (C:\\Users\\u553628\\Desktop\\CoderHouse Full Stack\\Backend\\50000\\PracticaIntegradora3-Pagano\\node_modules\\express\\lib\\router\\layer.js:95:5)\n    at C:\\Users\\u553628\\Desktop\\CoderHouse Full Stack\\Backend\\50000\\PracticaIntegradora3-Pagano\\node_modules\\express\\lib\\router\\index.js:284:15\n    at Function.process_params (C:\\Users\\u553628\\Desktop\\CoderHouse Full Stack\\Backend\\50000\\PracticaIntegradora3-Pagano\\node_modules\\express\\lib\\router\\index.js:346:12)\n    at next (C:\\Users\\u553628\\Desktop\\CoderHouse Full Stack\\Backend\\50000\\PracticaIntegradora3-Pagano\\node_modules\\express\\lib\\router\\index.js:280:10)\n    at Function.handle (C:\\Users\\u553628\\Desktop\\CoderHouse Full Stack\\Backend\\50000\\PracticaIntegradora3-Pagano\\node_modules\\express\\lib\\router\\index.js:175:3)\n    at router (C:\\Users\\u553628\\Desktop\\CoderHouse Full Stack\\Backend\\50000\\PracticaIntegradora3-Pagano\\node_modules\\express\\lib\\router\\index.js:47:12)"}
error: Error: data and hash arguments required {"stack":"Error: data and hash arguments required\n    at Object.compareSync (C:\\Users\\u553628\\Desktop\\CoderHouse Full Stack\\Backend\\50000\\PracticaIntegradora3-Pagano\\node_modules\\bcrypt\\bcrypt.js:166:15)\n    at useValidPassword (C:\\Users\\u553628\\Desktop\\CoderHouse Full Stack\\Backend\\50000\\PracticaIntegradora3-Pagano\\src\\utils\\cryp-password.util.js:10:19)\n    at C:\\Users\\u553628\\Desktop\\CoderHouse Full Stack\\Backend\\50000\\PracticaIntegradora3-Pagano\\src\\controllers\\auth.controller.js:74:13\n    at Layer.handle [as handle_request] (C:\\Users\\u553628\\Desktop\\CoderHouse Full Stack\\Backend\\50000\\PracticaIntegradora3-Pagano\\node_modules\\express\\lib\\router\\layer.js:95:5)\n    at next (C:\\Users\\u553628\\Desktop\\CoderHouse Full Stack\\Backend\\50000\\PracticaIntegradora3-Pagano\\node_modules\\express\\lib\\router\\route.js:149:13)\n    at Route.dispatch (C:\\Users\\u553628\\Desktop\\CoderHouse Full Stack\\Backend\\50000\\PracticaIntegradora3-Pagano\\node_modules\\express\\lib\\router\\route.js:119:3)\n    at Layer.handle [as handle_request] (C:\\Users\\u553628\\Desktop\\CoderHouse Full Stack\\Backend\\50000\\PracticaIntegradora3-Pagano\\node_modules\\express\\lib\\router\\layer.js:95:5)\n    at C:\\Users\\u553628\\Desktop\\CoderHouse Full Stack\\Backend\\50000\\PracticaIntegradora3-Pagano\\node_modules\\express\\lib\\router\\index.js:284:15\n    at Function.process_params (C:\\Users\\u553628\\Desktop\\CoderHouse Full Stack\\Backend\\50000\\PracticaIntegradora3-Pagano\\node_modules\\express\\lib\\router\\index.js:346:12)\n    at next (C:\\Users\\u553628\\Desktop\\CoderHouse Full Stack\\Backend\\50000\\PracticaIntegradora3-Pagano\\node_modules\\express\\lib\\router\\index.js:280:10)"}
error: Error: data and hash arguments required {"stack":"Error: data and hash arguments required\n    at Object.compareSync (C:\\Users\\u553628\\Desktop\\CoderHouse Full Stack\\Backend\\50000\\PracticaIntegradora3-Pagano\\node_modules\\bcrypt\\bcrypt.js:166:15)\n    at useValidPassword (C:\\Users\\u553628\\Desktop\\CoderHouse Full Stack\\Backend\\50000\\PracticaIntegradora3-Pagano\\src\\utils\\cryp-password.util.js:10:19)\n    at C:\\Users\\u553628\\Desktop\\CoderHouse Full Stack\\Backend\\50000\\PracticaIntegradora3-Pagano\\src\\controllers\\auth.controller.js:74:13\n    at Layer.handle [as handle_request] (C:\\Users\\u553628\\Desktop\\CoderHouse Full Stack\\Backend\\50000\\PracticaIntegradora3-Pagano\\node_modules\\express\\lib\\router\\layer.js:95:5)\n    at next (C:\\Users\\u553628\\Desktop\\CoderHouse Full Stack\\Backend\\50000\\PracticaIntegradora3-Pagano\\node_modules\\express\\lib\\router\\route.js:149:13)\n    at Route.dispatch (C:\\Users\\u553628\\Desktop\\CoderHouse Full Stack\\Backend\\50000\\PracticaIntegradora3-Pagano\\node_modules\\express\\lib\\router\\route.js:119:3)\n    at Layer.handle [as handle_request] (C:\\Users\\u553628\\Desktop\\CoderHouse Full Stack\\Backend\\50000\\PracticaIntegradora3-Pagano\\node_modules\\express\\lib\\router\\layer.js:95:5)\n    at C:\\Users\\u553628\\Desktop\\CoderHouse Full Stack\\Backend\\50000\\PracticaIntegradora3-Pagano\\node_modules\\express\\lib\\router\\index.js:284:15\n    at Function.process_params (C:\\Users\\u553628\\Desktop\\CoderHouse Full Stack\\Backend\\50000\\PracticaIntegradora3-Pagano\\node_modules\\express\\lib\\router\\index.js:346:12)\n    at next (C:\\Users\\u553628\\Desktop\\CoderHouse Full Stack\\Backend\\50000\\PracticaIntegradora3-Pagano\\node_modules\\express\\lib\\router\\index.js:280:10)"}
error: Error: data and hash arguments required {"stack":"Error: data and hash arguments required\n    at Object.compareSync (C:\\Users\\u553628\\Desktop\\CoderHouse Full Stack\\Backend\\50000\\PracticaIntegradora3-Pagano\\node_modules\\bcrypt\\bcrypt.js:166:15)\n    at useValidPassword (C:\\Users\\u553628\\Desktop\\CoderHouse Full Stack\\Backend\\50000\\PracticaIntegradora3-Pagano\\src\\utils\\cryp-password.util.js:10:19)\n    at C:\\Users\\u553628\\Desktop\\CoderHouse Full Stack\\Backend\\50000\\PracticaIntegradora3-Pagano\\src\\controllers\\auth.controller.js:74:13\n    at Layer.handle [as handle_request] (C:\\Users\\u553628\\Desktop\\CoderHouse Full Stack\\Backend\\50000\\PracticaIntegradora3-Pagano\\node_modules\\express\\lib\\router\\layer.js:95:5)\n    at next (C:\\Users\\u553628\\Desktop\\CoderHouse Full Stack\\Backend\\50000\\PracticaIntegradora3-Pagano\\node_modules\\express\\lib\\router\\route.js:149:13)\n    at Route.dispatch (C:\\Users\\u553628\\Desktop\\CoderHouse Full Stack\\Backend\\50000\\PracticaIntegradora3-Pagano\\node_modules\\express\\lib\\router\\route.js:119:3)\n    at Layer.handle [as handle_request] (C:\\Users\\u553628\\Desktop\\CoderHouse Full Stack\\Backend\\50000\\PracticaIntegradora3-Pagano\\node_modules\\express\\lib\\router\\layer.js:95:5)\n    at C:\\Users\\u553628\\Desktop\\CoderHouse Full Stack\\Backend\\50000\\PracticaIntegradora3-Pagano\\node_modules\\express\\lib\\router\\index.js:284:15\n    at Function.process_params (C:\\Users\\u553628\\Desktop\\CoderHouse Full Stack\\Backend\\50000\\PracticaIntegradora3-Pagano\\node_modules\\express\\lib\\router\\index.js:346:12)\n    at next (C:\\Users\\u553628\\Desktop\\CoderHouse Full Stack\\Backend\\50000\\PracticaIntegradora3-Pagano\\node_modules\\express\\lib\\router\\index.js:280:10)"}
error: Error: data and hash arguments required {"stack":"Error: data and hash arguments required\n    at Object.compareSync (C:\\Users\\u553628\\Desktop\\CoderHouse Full Stack\\Backend\\50000\\PracticaIntegradora3-Pagano\\node_modules\\bcrypt\\bcrypt.js:166:15)\n    at useValidPassword (C:\\Users\\u553628\\Desktop\\CoderHouse Full Stack\\Backend\\50000\\PracticaIntegradora3-Pagano\\src\\utils\\cryp-password.util.js:10:19)\n    at C:\\Users\\u553628\\Desktop\\CoderHouse Full Stack\\Backend\\50000\\PracticaIntegradora3-Pagano\\src\\controllers\\auth.controller.js:74:13\n    at Layer.handle [as handle_request] (C:\\Users\\u553628\\Desktop\\CoderHouse Full Stack\\Backend\\50000\\PracticaIntegradora3-Pagano\\node_modules\\express\\lib\\router\\layer.js:95:5)\n    at next (C:\\Users\\u553628\\Desktop\\CoderHouse Full Stack\\Backend\\50000\\PracticaIntegradora3-Pagano\\node_modules\\express\\lib\\router\\route.js:149:13)\n    at Route.dispatch (C:\\Users\\u553628\\Desktop\\CoderHouse Full Stack\\Backend\\50000\\PracticaIntegradora3-Pagano\\node_modules\\express\\lib\\router\\route.js:119:3)\n    at Layer.handle [as handle_request] (C:\\Users\\u553628\\Desktop\\CoderHouse Full Stack\\Backend\\50000\\PracticaIntegradora3-Pagano\\node_modules\\express\\lib\\router\\layer.js:95:5)\n    at C:\\Users\\u553628\\Desktop\\CoderHouse Full Stack\\Backend\\50000\\PracticaIntegradora3-Pagano\\node_modules\\express\\lib\\router\\index.js:284:15\n    at Function.process_params (C:\\Users\\u553628\\Desktop\\CoderHouse Full Stack\\Backend\\50000\\PracticaIntegradora3-Pagano\\node_modules\\express\\lib\\router\\index.js:346:12)\n    at next (C:\\Users\\u553628\\Desktop\\CoderHouse Full Stack\\Backend\\50000\\PracticaIntegradora3-Pagano\\node_modules\\express\\lib\\router\\index.js:280:10)"}
error: Error: data and hash arguments required {"stack":"Error: data and hash arguments required\n    at Object.compareSync (C:\\Users\\u553628\\Desktop\\CoderHouse Full Stack\\Backend\\50000\\PracticaIntegradora3-Pagano\\node_modules\\bcrypt\\bcrypt.js:166:15)\n    at useValidPassword (C:\\Users\\u553628\\Desktop\\CoderHouse Full Stack\\Backend\\50000\\PracticaIntegradora3-Pagano\\src\\utils\\cryp-password.util.js:10:19)\n    at C:\\Users\\u553628\\Desktop\\CoderHouse Full Stack\\Backend\\50000\\PracticaIntegradora3-Pagano\\src\\controllers\\auth.controller.js:74:13\n    at Layer.handle [as handle_request] (C:\\Users\\u553628\\Desktop\\CoderHouse Full Stack\\Backend\\50000\\PracticaIntegradora3-Pagano\\node_modules\\express\\lib\\router\\layer.js:95:5)\n    at next (C:\\Users\\u553628\\Desktop\\CoderHouse Full Stack\\Backend\\50000\\PracticaIntegradora3-Pagano\\node_modules\\express\\lib\\router\\route.js:149:13)\n    at Route.dispatch (C:\\Users\\u553628\\Desktop\\CoderHouse Full Stack\\Backend\\50000\\PracticaIntegradora3-Pagano\\node_modules\\express\\lib\\router\\route.js:119:3)\n    at Layer.handle [as handle_request] (C:\\Users\\u553628\\Desktop\\CoderHouse Full Stack\\Backend\\50000\\PracticaIntegradora3-Pagano\\node_modules\\express\\lib\\router\\layer.js:95:5)\n    at C:\\Users\\u553628\\Desktop\\CoderHouse Full Stack\\Backend\\50000\\PracticaIntegradora3-Pagano\\node_modules\\express\\lib\\router\\index.js:284:15\n    at Function.process_params (C:\\Users\\u553628\\Desktop\\CoderHouse Full Stack\\Backend\\50000\\PracticaIntegradora3-Pagano\\node_modules\\express\\lib\\router\\index.js:346:12)\n    at next (C:\\Users\\u553628\\Desktop\\CoderHouse Full Stack\\Backend\\50000\\PracticaIntegradora3-Pagano\\node_modules\\express\\lib\\router\\index.js:280:10)"}
error: Error: Cannot set headers after they are sent to the client {"code":"ERR_HTTP_HEADERS_SENT","stack":"Error [ERR_HTTP_HEADERS_SENT]: Cannot set headers after they are sent to the client\n    at new NodeError (node:internal/errors:405:5)\n    at ServerResponse.setHeader (node:_http_outgoing:648:11)\n    at ServerResponse.header (C:\\Users\\u553628\\Desktop\\CoderHouse Full Stack\\Backend\\50000\\PracticaIntegradora3-Pagano\\node_modules\\express\\lib\\response.js:795:10)\n    at ServerResponse.send (C:\\Users\\u553628\\Desktop\\CoderHouse Full Stack\\Backend\\50000\\PracticaIntegradora3-Pagano\\node_modules\\express\\lib\\response.js:175:12)\n    at ServerResponse.json (C:\\Users\\u553628\\Desktop\\CoderHouse Full Stack\\Backend\\50000\\PracticaIntegradora3-Pagano\\node_modules\\express\\lib\\response.js:279:15)\n    at C:\\Users\\u553628\\Desktop\\CoderHouse Full Stack\\Backend\\50000\\PracticaIntegradora3-Pagano\\src\\controllers\\auth.controller.js:81:25\n    at process.processTicksAndRejections (node:internal/process/task_queues:95:5)"}
error: El error es: owner is not defined {"stack":"ReferenceError: owner is not defined\n    at C:\\Users\\u553628\\Desktop\\CoderHouse Full Stack\\Backend\\50000\\desafioComp03\\src\\controllers\\products.controller.js:98:110\n    at Layer.handle [as handle_request] (C:\\Users\\u553628\\Desktop\\CoderHouse Full Stack\\Backend\\50000\\desafioComp03\\node_modules\\express\\lib\\router\\layer.js:95:5)\n    at next (C:\\Users\\u553628\\Desktop\\CoderHouse Full Stack\\Backend\\50000\\desafioComp03\\node_modules\\express\\lib\\router\\route.js:149:13)\n    at Route.dispatch (C:\\Users\\u553628\\Desktop\\CoderHouse Full Stack\\Backend\\50000\\desafioComp03\\node_modules\\express\\lib\\router\\route.js:119:3)\n    at Layer.handle [as handle_request] (C:\\Users\\u553628\\Desktop\\CoderHouse Full Stack\\Backend\\50000\\desafioComp03\\node_modules\\express\\lib\\router\\layer.js:95:5)\n    at C:\\Users\\u553628\\Desktop\\CoderHouse Full Stack\\Backend\\50000\\desafioComp03\\node_modules\\express\\lib\\router\\index.js:284:15\n    at Function.process_params (C:\\Users\\u553628\\Desktop\\CoderHouse Full Stack\\Backend\\50000\\desafioComp03\\node_modules\\express\\lib\\router\\index.js:346:12)\n    at next (C:\\Users\\u553628\\Desktop\\CoderHouse Full Stack\\Backend\\50000\\desafioComp03\\node_modules\\express\\lib\\router\\index.js:280:10)\n    at Function.handle (C:\\Users\\u553628\\Desktop\\CoderHouse Full Stack\\Backend\\50000\\desafioComp03\\node_modules\\express\\lib\\router\\index.js:175:3)\n    at router (C:\\Users\\u553628\\Desktop\\CoderHouse Full Stack\\Backend\\50000\\desafioComp03\\node_modules\\express\\lib\\router\\index.js:47:12)"}
error: El error es: options.inverse is not a function {"stack":"TypeError: options.inverse is not a function\n    at Object.<anonymous> (C:\\Users\\u553628\\Desktop\\CoderHouse Full Stack\\Backend\\50000\\desafioComp03\\src\\server.js:34:55)\n    at Object.wrapper (C:\\Users\\u553628\\Desktop\\CoderHouse Full Stack\\Backend\\50000\\desafioComp03\\node_modules\\handlebars\\dist\\cjs\\handlebars\\internal\\wrapHelper.js:15:19)\n    at eval (eval at createFunctionContext (C:\\Users\\u553628\\Desktop\\CoderHouse Full Stack\\Backend\\50000\\desafioComp03\\node_modules\\handlebars\\dist\\cjs\\handlebars\\compiler\\javascript-compiler.js:262:23), <anonymous>:23:153)\n    at prog (C:\\Users\\u553628\\Desktop\\CoderHouse Full Stack\\Backend\\50000\\desafioComp03\\node_modules\\handlebars\\dist\\cjs\\handlebars\\runtime.js:268:12)\n    at execIteration (C:\\Users\\u553628\\Desktop\\CoderHouse Full Stack\\Backend\\50000\\desafioComp03\\node_modules\\handlebars\\dist\\cjs\\handlebars\\helpers\\each.js:51:19)\n    at Object.<anonymous> (C:\\Users\\u553628\\Desktop\\CoderHouse Full Stack\\Backend\\50000\\desafioComp03\\node_modules\\handlebars\\dist\\cjs\\handlebars\\helpers\\each.js:61:13)\n    at Object.wrapper (C:\\Users\\u553628\\Desktop\\CoderHouse Full Stack\\Backend\\50000\\desafioComp03\\node_modules\\handlebars\\dist\\cjs\\handlebars\\internal\\wrapHelper.js:15:19)\n    at Object.eval [as main] (eval at createFunctionContext (C:\\Users\\u553628\\Desktop\\CoderHouse Full Stack\\Backend\\50000\\desafioComp03\\node_modules\\handlebars\\dist\\cjs\\handlebars\\compiler\\javascript-compiler.js:262:23), <anonymous>:12:49)\n    at main (C:\\Users\\u553628\\Desktop\\CoderHouse Full Stack\\Backend\\50000\\desafioComp03\\node_modules\\handlebars\\dist\\cjs\\handlebars\\runtime.js:208:32)\n    at ret (C:\\Users\\u553628\\Desktop\\CoderHouse Full Stack\\Backend\\50000\\desafioComp03\\node_modules\\handlebars\\dist\\cjs\\handlebars\\runtime.js:212:12)"}
error: El error es: options.fn is not a function {"stack":"TypeError: options.fn is not a function\n    at Object.<anonymous> (C:\\Users\\u553628\\Desktop\\CoderHouse Full Stack\\Backend\\50000\\desafioComp03\\src\\server.js:34:36)\n    at Object.wrapper (C:\\Users\\u553628\\Desktop\\CoderHouse Full Stack\\Backend\\50000\\desafioComp03\\node_modules\\handlebars\\dist\\cjs\\handlebars\\internal\\wrapHelper.js:15:19)\n    at eval (eval at createFunctionContext (C:\\Users\\u553628\\Desktop\\CoderHouse Full Stack\\Backend\\50000\\desafioComp03\\node_modules\\handlebars\\dist\\cjs\\handlebars\\compiler\\javascript-compiler.js:262:23), <anonymous>:23:241)\n    at prog (C:\\Users\\u553628\\Desktop\\CoderHouse Full Stack\\Backend\\50000\\desafioComp03\\node_modules\\handlebars\\dist\\cjs\\handlebars\\runtime.js:268:12)\n    at execIteration (C:\\Users\\u553628\\Desktop\\CoderHouse Full Stack\\Backend\\50000\\desafioComp03\\node_modules\\handlebars\\dist\\cjs\\handlebars\\helpers\\each.js:51:19)\n    at Object.<anonymous> (C:\\Users\\u553628\\Desktop\\CoderHouse Full Stack\\Backend\\50000\\desafioComp03\\node_modules\\handlebars\\dist\\cjs\\handlebars\\helpers\\each.js:61:13)\n    at Object.wrapper (C:\\Users\\u553628\\Desktop\\CoderHouse Full Stack\\Backend\\50000\\desafioComp03\\node_modules\\handlebars\\dist\\cjs\\handlebars\\internal\\wrapHelper.js:15:19)\n    at Object.eval [as main] (eval at createFunctionContext (C:\\Users\\u553628\\Desktop\\CoderHouse Full Stack\\Backend\\50000\\desafioComp03\\node_modules\\handlebars\\dist\\cjs\\handlebars\\compiler\\javascript-compiler.js:262:23), <anonymous>:12:49)\n    at main (C:\\Users\\u553628\\Desktop\\CoderHouse Full Stack\\Backend\\50000\\desafioComp03\\node_modules\\handlebars\\dist\\cjs\\handlebars\\runtime.js:208:32)\n    at ret (C:\\Users\\u553628\\Desktop\\CoderHouse Full Stack\\Backend\\50000\\desafioComp03\\node_modules\\handlebars\\dist\\cjs\\handlebars\\runtime.js:212:12)"}
error: El error es: Producto agregado correctamente al carrito {"cause":"Error al agregar el producto al carrito.","code":500,"name":"INTERNAL SERVER ERROR","stack":"INTERNAL SERVER ERROR: Producto agregado correctamente al carrito\n    at CustomError.createError (C:\\Users\\u553628\\Desktop\\CoderHouse Full Stack\\Backend\\50000\\desafioComp03\\src\\handlers\\errors\\Custom-Error.js:3:23)\n    at C:\\Users\\u553628\\Desktop\\CoderHouse Full Stack\\Backend\\50000\\desafioComp03\\src\\controllers\\carts.controller.js:97:25\n    at process.processTicksAndRejections (node:internal/process/task_queues:95:5)"}
error: El error es: Producto agregado correctamente al carrito {"cause":"Error al agregar el producto al carrito.","code":500,"name":"INTERNAL SERVER ERROR","stack":"INTERNAL SERVER ERROR: Producto agregado correctamente al carrito\n    at CustomError.createError (C:\\Users\\u553628\\Desktop\\CoderHouse Full Stack\\Backend\\50000\\desafioComp03\\src\\handlers\\errors\\Custom-Error.js:3:23)\n    at C:\\Users\\u553628\\Desktop\\CoderHouse Full Stack\\Backend\\50000\\desafioComp03\\src\\controllers\\carts.controller.js:97:25\n    at process.processTicksAndRejections (node:internal/process/task_queues:95:5)"}
error: El error es: Producto agregado correctamente al carrito {"cause":"Error al agregar el producto al carrito.","code":500,"name":"INTERNAL SERVER ERROR","stack":"INTERNAL SERVER ERROR: Producto agregado correctamente al carrito\n    at CustomError.createError (C:\\Users\\u553628\\Desktop\\CoderHouse Full Stack\\Backend\\50000\\desafioComp03\\src\\handlers\\errors\\Custom-Error.js:3:23)\n    at C:\\Users\\u553628\\Desktop\\CoderHouse Full Stack\\Backend\\50000\\desafioComp03\\src\\controllers\\carts.controller.js:97:25\n    at process.processTicksAndRejections (node:internal/process/task_queues:95:5)"}
error: Error al actualizar el carrito del usuario: Cannot read properties of undefined (reading '_id') {"stack":"TypeError: Cannot read properties of undefined (reading '_id')\n    at C:\\Users\\u553628\\Desktop\\CoderHouse Full Stack\\Backend\\50000\\DesafioDocuApi\\src\\controllers\\users.controller.js:62:30\n    at Layer.handle [as handle_request] (C:\\Users\\u553628\\Desktop\\CoderHouse Full Stack\\Backend\\50000\\DesafioDocuApi\\node_modules\\express\\lib\\router\\layer.js:95:5)\n    at next (C:\\Users\\u553628\\Desktop\\CoderHouse Full Stack\\Backend\\50000\\DesafioDocuApi\\node_modules\\express\\lib\\router\\route.js:149:13)\n    at Route.dispatch (C:\\Users\\u553628\\Desktop\\CoderHouse Full Stack\\Backend\\50000\\DesafioDocuApi\\node_modules\\express\\lib\\router\\route.js:119:3)\n    at Layer.handle [as handle_request] (C:\\Users\\u553628\\Desktop\\CoderHouse Full Stack\\Backend\\50000\\DesafioDocuApi\\node_modules\\express\\lib\\router\\layer.js:95:5)\n    at C:\\Users\\u553628\\Desktop\\CoderHouse Full Stack\\Backend\\50000\\DesafioDocuApi\\node_modules\\express\\lib\\router\\index.js:284:15\n    at Function.process_params (C:\\Users\\u553628\\Desktop\\CoderHouse Full Stack\\Backend\\50000\\DesafioDocuApi\\node_modules\\express\\lib\\router\\index.js:346:12)\n    at next (C:\\Users\\u553628\\Desktop\\CoderHouse Full Stack\\Backend\\50000\\DesafioDocuApi\\node_modules\\express\\lib\\router\\index.js:280:10)\n    at Function.handle (C:\\Users\\u553628\\Desktop\\CoderHouse Full Stack\\Backend\\50000\\DesafioDocuApi\\node_modules\\express\\lib\\router\\index.js:175:3)\n    at router (C:\\Users\\u553628\\Desktop\\CoderHouse Full Stack\\Backend\\50000\\DesafioDocuApi\\node_modules\\express\\lib\\router\\index.js:47:12)"}
error: Error: connection timed out {"reason":{"commonWireVersion":0,"compatible":true,"heartbeatFrequencyMS":10000,"localThresholdMS":15,"logicalSessionTimeoutMinutes":30,"maxElectionId":"7fffffff000000000000000b","maxSetVersion":2,"servers":{},"setName":"atlas-yfub7k-shard-0","stale":false,"type":"ReplicaSetNoPrimary"},"stack":"MongoServerSelectionError: connection timed out\n    at EventTarget.<anonymous> (C:\\Users\\u553628\\Desktop\\CoderHouse Full Stack\\Backend\\50000\\DesafioDocuApi\\node_modules\\mongodb\\lib\\sdam\\topology.js:289:34)\n    at [nodejs.internal.kHybridDispatch] (node:internal/event_target:741:20)\n    at EventTarget.dispatchEvent (node:internal/event_target:683:26)\n    at abortSignal (node:internal/abort_controller:368:10)\n    at TimeoutController.abort (node:internal/abort_controller:402:5)\n    at Timeout.<anonymous> (C:\\Users\\u553628\\Desktop\\CoderHouse Full Stack\\Backend\\50000\\DesafioDocuApi\\node_modules\\mongodb\\lib\\utils.js:976:92)\n    at listOnTimeout (node:internal/timers:569:17)\n    at process.processTimers (node:internal/timers:512:7)"}
error: Error: connection timed out {"reason":{"commonWireVersion":0,"compatible":true,"heartbeatFrequencyMS":10000,"localThresholdMS":15,"logicalSessionTimeoutMinutes":30,"maxElectionId":"7fffffff000000000000000b","maxSetVersion":2,"servers":{},"setName":"atlas-yfub7k-shard-0","stale":false,"type":"ReplicaSetNoPrimary"},"stack":"MongoServerSelectionError: connection timed out\n    at EventTarget.<anonymous> (C:\\Users\\u553628\\Desktop\\CoderHouse Full Stack\\Backend\\50000\\DesafioDocuApi\\node_modules\\mongodb\\lib\\sdam\\topology.js:289:34)\n    at [nodejs.internal.kHybridDispatch] (node:internal/event_target:741:20)\n    at EventTarget.dispatchEvent (node:internal/event_target:683:26)\n    at abortSignal (node:internal/abort_controller:368:10)\n    at TimeoutController.abort (node:internal/abort_controller:402:5)\n    at Timeout.<anonymous> (C:\\Users\\u553628\\Desktop\\CoderHouse Full Stack\\Backend\\50000\\DesafioDocuApi\\node_modules\\mongodb\\lib\\utils.js:976:92)\n    at listOnTimeout (node:internal/timers:569:17)\n    at process.processTimers (node:internal/timers:512:7)"}
error: Error: connect ETIMEDOUT 52.67.120.125:27017 {"reason":{"commonWireVersion":0,"compatible":true,"heartbeatFrequencyMS":10000,"localThresholdMS":15,"logicalSessionTimeoutMinutes":null,"maxElectionId":"7fffffff000000000000000b","maxSetVersion":2,"servers":{},"setName":"atlas-yfub7k-shard-0","stale":false,"type":"ReplicaSetNoPrimary"},"stack":"MongoServerSelectionError: connect ETIMEDOUT 52.67.120.125:27017\n    at EventTarget.<anonymous> (C:\\Users\\u553628\\Desktop\\CoderHouse Full Stack\\Backend\\50000\\DesafioDocuApi\\node_modules\\mongodb\\lib\\sdam\\topology.js:289:34)\n    at [nodejs.internal.kHybridDispatch] (node:internal/event_target:741:20)\n    at EventTarget.dispatchEvent (node:internal/event_target:683:26)\n    at abortSignal (node:internal/abort_controller:368:10)\n    at TimeoutController.abort (node:internal/abort_controller:402:5)\n    at Timeout.<anonymous> (C:\\Users\\u553628\\Desktop\\CoderHouse Full Stack\\Backend\\50000\\DesafioDocuApi\\node_modules\\mongodb\\lib\\utils.js:976:92)\n    at listOnTimeout (node:internal/timers:569:17)\n    at process.processTimers (node:internal/timers:512:7)"}
error: Error: connect ETIMEDOUT 52.67.120.125:27017 {"reason":{"commonWireVersion":0,"compatible":true,"heartbeatFrequencyMS":10000,"localThresholdMS":15,"logicalSessionTimeoutMinutes":null,"maxElectionId":"7fffffff000000000000000b","maxSetVersion":2,"servers":{},"setName":"atlas-yfub7k-shard-0","stale":false,"type":"ReplicaSetNoPrimary"},"stack":"MongoServerSelectionError: connect ETIMEDOUT 52.67.120.125:27017\n    at EventTarget.<anonymous> (C:\\Users\\u553628\\Desktop\\CoderHouse Full Stack\\Backend\\50000\\DesafioDocuApi\\node_modules\\mongodb\\lib\\sdam\\topology.js:289:34)\n    at [nodejs.internal.kHybridDispatch] (node:internal/event_target:741:20)\n    at EventTarget.dispatchEvent (node:internal/event_target:683:26)\n    at abortSignal (node:internal/abort_controller:368:10)\n    at TimeoutController.abort (node:internal/abort_controller:402:5)\n    at Timeout.<anonymous> (C:\\Users\\u553628\\Desktop\\CoderHouse Full Stack\\Backend\\50000\\DesafioDocuApi\\node_modules\\mongodb\\lib\\utils.js:976:92)\n    at listOnTimeout (node:internal/timers:569:17)\n    at process.processTimers (node:internal/timers:512:7)"}
error: Error: connect ETIMEDOUT 52.67.120.125:27017 {"reason":{"commonWireVersion":0,"compatible":true,"heartbeatFrequencyMS":10000,"localThresholdMS":15,"logicalSessionTimeoutMinutes":null,"maxElectionId":"7fffffff000000000000000b","maxSetVersion":2,"servers":{},"setName":"atlas-yfub7k-shard-0","stale":false,"type":"ReplicaSetNoPrimary"},"stack":"MongoServerSelectionError: connect ETIMEDOUT 52.67.120.125:27017\n    at EventTarget.<anonymous> (C:\\Users\\u553628\\Desktop\\CoderHouse Full Stack\\Backend\\50000\\DesafioDocuApi\\node_modules\\mongodb\\lib\\sdam\\topology.js:289:34)\n    at [nodejs.internal.kHybridDispatch] (node:internal/event_target:741:20)\n    at EventTarget.dispatchEvent (node:internal/event_target:683:26)\n    at abortSignal (node:internal/abort_controller:368:10)\n    at TimeoutController.abort (node:internal/abort_controller:402:5)\n    at Timeout.<anonymous> (C:\\Users\\u553628\\Desktop\\CoderHouse Full Stack\\Backend\\50000\\DesafioDocuApi\\node_modules\\mongodb\\lib\\utils.js:976:92)\n    at listOnTimeout (node:internal/timers:569:17)\n    at process.processTimers (node:internal/timers:512:7)"}
error: Error: connect ETIMEDOUT 52.67.120.125:27017 {"reason":{"commonWireVersion":0,"compatible":true,"heartbeatFrequencyMS":10000,"localThresholdMS":15,"logicalSessionTimeoutMinutes":null,"maxElectionId":"7fffffff000000000000000b","maxSetVersion":2,"servers":{},"setName":"atlas-yfub7k-shard-0","stale":false,"type":"ReplicaSetNoPrimary"},"stack":"MongoServerSelectionError: connect ETIMEDOUT 52.67.120.125:27017\n    at EventTarget.<anonymous> (C:\\Users\\u553628\\Desktop\\CoderHouse Full Stack\\Backend\\50000\\DesafioDocuApi\\node_modules\\mongodb\\lib\\sdam\\topology.js:289:34)\n    at [nodejs.internal.kHybridDispatch] (node:internal/event_target:741:20)\n    at EventTarget.dispatchEvent (node:internal/event_target:683:26)\n    at abortSignal (node:internal/abort_controller:368:10)\n    at TimeoutController.abort (node:internal/abort_controller:402:5)\n    at Timeout.<anonymous> (C:\\Users\\u553628\\Desktop\\CoderHouse Full Stack\\Backend\\50000\\DesafioDocuApi\\node_modules\\mongodb\\lib\\utils.js:976:92)\n    at listOnTimeout (node:internal/timers:569:17)\n    at process.processTimers (node:internal/timers:512:7)"}
